<?xml version="1.0" encoding="UTF-8"?><testsuite errors="0" failures="0" name="org.fasttrackit.features.LoginTest" skipped="0" tests="14" time="95.4" timestamp="2020-06-30 05:48:43"><testcase classname="org.fasttrackit.features.LoginTest" name="Lgn1"/><testcase classname="org.fasttrackit.features.LoginTest" name="Lgn2"/><testcase classname="org.fasttrackit.features.LoginTest" name="Lgn3"/><testcase classname="org.fasttrackit.features.LoginTest" name="Lgn4"/><testcase classname="org.fasttrackit.features.LoginTest" name="Lgn5"/><testcase classname="org.fasttrackit.features.LoginTest" name="Lgn6"/><testcase classname="org.fasttrackit.features.LoginTest" name="Lgn7"/><testcase classname="org.fasttrackit.features.LoginTest" name="Lgn8"/><testcase classname="org.fasttrackit.features.LoginTest" name="Lgn9"/><testcase classname="org.fasttrackit.features.LoginTest" name="Lgn10"/><testcase classname="org.fasttrackit.features.LoginTest" name="Lgn11"/><testcase classname="org.fasttrackit.features.LoginTest" name="Lgn12"/><testcase classname="org.fasttrackit.features.LoginTest" name="Lgn13"/><testcase classname="org.fasttrackit.features.LoginTest" name="Lgn14"/></testsuite>